LETREC
  VAR  my_cos
  VAR  x
  LETREC
    VAR  pi_div
    VAR  e
    VAR  x
    IF
      AND
        NOT
          FLT
            VAR  e
            FLOAT  0.
        FLT
          VAR  e
          FMUL
            FLOAT  3.1415926535
            FLOAT  2.
      VAR  e
      IF
        AND
          FLT
            VAR  e
            FLOAT  0.
          NOT
            FLT
              VAR  x
              FNEG
                VAR  e
        APP
          VAR  pi_div
          FADD
            VAR  e
            VAR  x
          FDIV
            VAR  x
            FLOAT  2.
        IF
          AND
            FLT
              FLOAT  0.
              VAR  e
            NOT
              FLT
                VAR  x
                VAR  e
          APP
            VAR  pi_div
            FSUB
              VAR  e
              FDIV
                VAR  x
                FLOAT  2.
            FDIV
              VAR  x
              FLOAT  2.
          APP
            VAR  pi_div
            VAR  e
            FMUL
              VAR  x
              FLOAT  2.
    LETREC
      VAR  pi4div
      VAR  x
      IF
        FLT
          VAR  x
          FDIV
            FLOAT  3.1415927
            FLOAT  2.
        TUPLE
          VAR  x
          FLOAT  1.
        IF
          FLT
            VAR  x
            FLOAT  3.1415927
          TUPLE
            FSUB
              FLOAT  3.1415927
              VAR  x
            FNEG
              FLOAT  1.
          IF
            FLT
              VAR  x
              FMUL
                FLOAT  3.1415927
                FLOAT  1.5
            TUPLE
              FSUB
                VAR  x
                FLOAT  3.1415927
              FNEG
                FLOAT  1.
            TUPLE
              FSUB
                FMUL
                  FLOAT  3.1415927
                  FLOAT  2.
                VAR  x
              FLOAT  1.
      LETREC
        VAR  tailor
        VAR  y
        LET
          VAR  xx
          FMUL
            VAR  y
            VAR  y
          LET
            VAR  t2
            FDIV
              VAR  xx
              FLOAT  2.
            LET
              VAR  t4
              FDIV
                FMUL
                  VAR  xx
                  VAR  t2
                FLOAT  12.
              LET
                VAR  t6
                FDIV
                  FMUL
                    VAR  xx
                    VAR  t4
                  FLOAT  30.
                LET
                  VAR  t8
                  FDIV
                    FMUL
                      VAR  xx
                      VAR  t6
                    FLOAT  56.
                  LET
                    VAR  t10
                    FDIV
                      FMUL
                        VAR  xx
                        VAR  t8
                      FLOAT  90.
                    LET
                      VAR  t12
                      FDIV
                        FMUL
                          VAR  xx
                          VAR  t10
                        FLOAT  132.
                      FADD
                        FSUB
                          FADD
                            FSUB
                              FADD
                                FSUB
                                  FLOAT  1.
                                  VAR  t2
                                VAR  t4
                              VAR  t6
                            VAR  t8
                          VAR  t10
                        VAR  t12
        LETTUPLE
          VAR  a
          VAR  b
          APP
            VAR  pi4div
            APP
              VAR  pi_div
              VAR  x
              FMUL
                FLOAT  3.1415926535
                FLOAT  2.
          FMUL
            VAR  b
            APP
              VAR  tailor
              VAR  a
  UNIT
